<?xml version="1.0" encoding="UTF-8"?>
<!-- Generated by org.testng.reporters.JUnitReportReporter -->
<testsuite hostname="DEV-MA-2671-LAP" failures="0" tests="1" name="com.testing.selenium.v1.DataProvideTestNG" time="1.913" errors="0" timestamp="2023-03-27T14:44:38 IST" skipped="0">
  <testcase classname="com.testing.selenium.v1.DataProvideTestNG" name="LogInTest" time="1.913"/>
  <system-out/>
</testsuite> <!-- com.testing.selenium.v1.DataProvideTestNG -->
