<?xml version="1.0" encoding="UTF-8"?>
<!-- Generated by org.testng.reporters.JUnitReportReporter -->
<testsuite hostname="DEV-MA-2671-LAP" failures="0" tests="3" name="Live_ProdEnv.Live2" time="0.014" errors="0" timestamp="2023-03-27T15:34:56 IST" skipped="0">
  <testcase classname="Live_ProdEnv.Live2" name="L1" time="0.003"/>
  <system-out/>
  <testcase classname="Live_ProdEnv.Live2" name="L3" time="0.002"/>
  <system-out/>
  <testcase classname="Live_ProdEnv.Live2" name="L2" time="0.009"/>
  <system-out/>
</testsuite> <!-- Live_ProdEnv.Live2 -->
