<?xml version="1.0" encoding="UTF-8"?>
<!-- Generated by org.testng.reporters.JUnitReportReporter -->
<testsuite hostname="DEV-MA-2671-LAP" failures="0" tests="3" name="com.testing.selenium.v1.DependenciesTestNG" time="3.208" errors="0" timestamp="2023-03-27T14:44:38 IST" skipped="0">
  <testcase classname="com.testing.selenium.v1.DependenciesTestNG" name="LandgingPage" time="0.033"/>
  <system-out/>
  <testcase classname="com.testing.selenium.v1.DependenciesTestNG" name="Calculater" time="2.983"/>
  <system-out/>
  <testcase classname="com.testing.selenium.v1.DependenciesTestNG" name="HomeBack" time="0.192"/>
  <system-out/>
</testsuite> <!-- com.testing.selenium.v1.DependenciesTestNG -->
