<?xml version="1.0" encoding="UTF-8"?>
<!-- Generated by org.testng.reporters.JUnitReportReporter -->
<testsuite hostname="DEV-MA-2671-LAP" failures="0" tests="4" name="com.testing.selenium.v1.AnnotationPriority" time="0.009" errors="0" timestamp="2023-03-27T14:44:38 IST" skipped="1">
  <testcase classname="com.testing.selenium.v1.AnnotationPriority" name="ValidLogin" time="0.004"/>
  <system-out/>
  <testcase classname="com.testing.selenium.v1.AnnotationPriority" name="AddBeneficiary" time="0.003"/>
  <system-out/>
  <testcase classname="com.testing.selenium.v1.AnnotationPriority" name="ValidateBeneficiary" time="0.002"/>
  <system-out/>
  <testcase classname="com.testing.selenium.v1.AnnotationPriority" name="HomePage">
    <skipped/>
  </testcase> <!-- HomePage -->
  <system-out/>
</testsuite> <!-- com.testing.selenium.v1.AnnotationPriority -->
