<?xml version="1.0" encoding="UTF-8"?>
<!-- Generated by org.testng.reporters.JUnitReportReporter -->
<testsuite hostname="DEV-MA-2671-LAP" failures="0" tests="3" name="TestEnv.Testenvironment" time="0.029" errors="0" timestamp="2023-03-27T15:11:56 IST" skipped="0">
  <testcase classname="TestEnv.Testenvironment" name="T3" time="0.004"/>
  <system-out/>
  <testcase classname="TestEnv.Testenvironment" name="T1" time="0.021"/>
  <system-out/>
  <testcase classname="TestEnv.Testenvironment" name="T2" time="0.004"/>
  <system-out/>
</testsuite> <!-- TestEnv.Testenvironment -->
