<?xml version="1.0" encoding="UTF-8"?>
<!-- Generated by org.testng.reporters.JUnitReportReporter -->
<testsuite hostname="DEV-MA-2671-LAP" failures="0" tests="3" name="UAT_Env.UAT_Environment" time="0.023" errors="0" timestamp="2023-03-28T20:35:32 IST" skipped="0">
  <testcase classname="UAT_Env.UAT_Environment" name="U3" time="0.003"/>
  <system-out/>
  <testcase classname="UAT_Env.UAT_Environment" name="U2" time="0.004"/>
  <system-out/>
  <testcase classname="UAT_Env.UAT_Environment" name="U1" time="0.016"/>
  <system-out/>
</testsuite> <!-- UAT_Env.UAT_Environment -->
