<?xml version="1.0" encoding="UTF-8"?>
<!-- Generated by org.testng.reporters.JUnitReportReporter -->
<testsuite hostname="DEV-MA-2671-LAP" failures="0" tests="4" name="com.testing.selenium.v1.GroupsActivity" time="0.021" errors="0" timestamp="2023-03-27T14:44:38 IST" skipped="0">
  <testcase classname="com.testing.selenium.v1.GroupsActivity" name="TC2" time="0.007"/>
  <system-out/>
  <testcase classname="com.testing.selenium.v1.GroupsActivity" name="TC4" time="0.006"/>
  <system-out/>
  <testcase classname="com.testing.selenium.v1.GroupsActivity" name="TC3" time="0.007"/>
  <system-out/>
  <testcase classname="com.testing.selenium.v1.GroupsActivity" name="TC1" time="0.001"/>
  <system-out/>
</testsuite> <!-- com.testing.selenium.v1.GroupsActivity -->
