<?xml version="1.0" encoding="UTF-8"?>
<!-- Generated by org.testng.reporters.JUnitReportReporter -->
<testsuite hostname="DEV-MA-2671-LAP" failures="0" tests="3" name="UAT_Env.UAT2" time="0.005" errors="0" timestamp="2023-03-29T12:55:35 IST" skipped="0">
  <testcase classname="UAT_Env.UAT2" name="U3" time="0.000"/>
  <system-out/>
  <testcase classname="UAT_Env.UAT2" name="U2" time="0.005"/>
  <system-out/>
  <testcase classname="UAT_Env.UAT2" name="U1" time="0.000"/>
  <system-out/>
</testsuite> <!-- UAT_Env.UAT2 -->
